<?xml version="1.0" encoding="UTF-8"?>
<testng-results ignored="0" total="1" passed="1" failed="0" skipped="0">
  <reporter-output>
  </reporter-output>
  <suite started-at="2022-04-05T01:43:09 IST" name="LoginSuite" finished-at="2022-04-05T01:43:35 IST" duration-ms="25641">
    <groups>
    </groups>
    <test started-at="2022-04-05T01:43:09 IST" name="LoginTest_Chrome" finished-at="2022-04-05T01:43:35 IST" duration-ms="25641">
      <class name="com.Test.TC_001_verifyloginPage">
        <test-method is-config="true" signature="BS()[pri:0, instance:com.Test.TC_001_verifyloginPage@5386659f]" started-at="2022-04-05T01:43:08 IST" name="BS" finished-at="2022-04-05T01:43:09 IST" duration-ms="1329" status="PASS">
          <reporter-output>
          </reporter-output>
        </test-method> <!-- BS -->
        <test-method is-config="true" signature="setup(java.lang.String)[pri:0, instance:com.Test.TC_001_verifyloginPage@5386659f]" started-at="2022-04-05T01:43:09 IST" name="setup" finished-at="2022-04-05T01:43:15 IST" duration-ms="5855" status="PASS">
          <params>
            <param index="0">
              <value>
                <![CDATA[Chrome]]>
              </value>
            </param>
          </params>
          <reporter-output>
          </reporter-output>
        </test-method> <!-- setup -->
        <test-method signature="VerifyFBLogin()[pri:0, instance:com.Test.TC_001_verifyloginPage@5386659f]" started-at="2022-04-05T01:43:15 IST" name="VerifyFBLogin" finished-at="2022-04-05T01:43:16 IST" duration-ms="702" status="PASS">
          <reporter-output>
          </reporter-output>
        </test-method> <!-- VerifyFBLogin -->
        <test-method is-config="true" signature="tearDown()[pri:0, instance:com.Test.TC_001_verifyloginPage@5386659f]" started-at="2022-04-05T01:43:32 IST" name="tearDown" finished-at="2022-04-05T01:43:35 IST" duration-ms="3257" status="PASS">
          <reporter-output>
          </reporter-output>
        </test-method> <!-- tearDown -->
      </class> <!-- com.Test.TC_001_verifyloginPage -->
    </test> <!-- LoginTest_Chrome -->
  </suite> <!-- LoginSuite -->
</testng-results>
