<?xml version="1.0" encoding="UTF-8"?>
<!-- Generated by org.testng.reporters.JUnitXMLReporter -->
<testsuite ignored="0" hostname="DESKTOP-AKTG691" failures="0" tests="1" name="LoginTest" time="38.418" errors="0" timestamp="2022-04-04T15:43:49 IST">
  <testcase classname="com.Utility.BaseClass" name="@BeforeMethod setup" time="38.306">
    <failure type="org.openqa.selenium.WebDriverException" message="unknown error: cannot find MSEdge binary
Build info: version: &amp;apos;3.141.59&amp;apos;, revision: &amp;apos;e82be7d358&amp;apos;, time: &amp;apos;2018-11-14T08:17:03&amp;apos;
System info: host: &amp;apos;DESKTOP-AKTG691&amp;apos;, ip: &amp;apos;192.168.160.215&amp;apos;, os.name: &amp;apos;Windows 10&amp;apos;, os.arch: &amp;apos;amd64&amp;apos;, os.version: &amp;apos;10.0&amp;apos;, java.version: &amp;apos;17.0.2&amp;apos;
Driver info: driver.version: EdgeDriver
remote stacktrace: Backtrace:
	Microsoft::Applications::Events::EventProperties::unpack [0x00007FF6BE2992F2+24834]
	Microsoft::Applications::Events::time_ticks_t::time_ticks_t [0x00007FF6BE1D6752+523442]
	Ordinal0 [0x00007FF6BDCD13B5+660405]
	Ordinal0 [0x00007FF6BDCF642D+812077]
	Ordinal0 [0x00007FF6BDCF34B0+799920]
	Ordinal0 [0x00007FF6BDD2D49D+1037469]
	Ordinal0 [0x00007FF6BDD27BB3+1014707]
	Ordinal0 [0x00007FF6BDCFEAE0+846560]
	Ordinal0 [0x00007FF6BDCFFED8+851672]
	Microsoft::Applications::Events::EventProperty::to_string [0x00007FF6BDE9A6E8+846504]
	Microsoft::Applications::Events::EventProperty::EventProperty [0x00007FF6BDF8ACA1+36529]
	Microsoft::Applications::Events::EventProperty::EventProperty [0x00007FF6BDF8DFC2+49618]
	Microsoft::Applications::Events::EventProperty::to_string [0x00007FF6BDDD3566+31014]
	Microsoft::Applications::Events::time_ticks_t::time_ticks_t [0x00007FF6BE1DD6D1+551985]
	Microsoft::Applications::Events::time_ticks_t::time_ticks_t [0x00007FF6BE1E21E4+571204]
	Microsoft::Applications::Events::time_ticks_t::time_ticks_t [0x00007FF6BE1E233D+571549]
	Microsoft::Applications::Events::time_ticks_t::time_ticks_t [0x00007FF6BE1EB46E+608718]
	BaseThreadInitThunk [0x00007FF8F0537C24+20]
	RtlUserThreadStart [0x00007FF8F0BCD4D1+33]
">
      <![CDATA[org.openqa.selenium.WebDriverException: unknown error: cannot find MSEdge binary
Build info: version: '3.141.59', revision: 'e82be7d358', time: '2018-11-14T08:17:03'
System info: host: 'DESKTOP-AKTG691', ip: '192.168.160.215', os.name: 'Windows 10', os.arch: 'amd64', os.version: '10.0', java.version: '17.0.2'
Driver info: driver.version: EdgeDriver
remote stacktrace: Backtrace:
Microsoft::Applications::Events::EventProperties::unpack [0x00007FF6BE2992F2+24834]
Microsoft::Applications::Events::time_ticks_t::time_ticks_t [0x00007FF6BE1D6752+523442]
Ordinal0 [0x00007FF6BDCD13B5+660405]
Ordinal0 [0x00007FF6BDCF642D+812077]
Ordinal0 [0x00007FF6BDCF34B0+799920]
Ordinal0 [0x00007FF6BDD2D49D+1037469]
Ordinal0 [0x00007FF6BDD27BB3+1014707]
Ordinal0 [0x00007FF6BDCFEAE0+846560]
Ordinal0 [0x00007FF6BDCFFED8+851672]
Microsoft::Applications::Events::EventProperty::to_string [0x00007FF6BDE9A6E8+846504]
Microsoft::Applications::Events::EventProperty::EventProperty [0x00007FF6BDF8ACA1+36529]
Microsoft::Applications::Events::EventProperty::EventProperty [0x00007FF6BDF8DFC2+49618]
Microsoft::Applications::Events::EventProperty::to_string [0x00007FF6BDDD3566+31014]
Microsoft::Applications::Events::time_ticks_t::time_ticks_t [0x00007FF6BE1DD6D1+551985]
Microsoft::Applications::Events::time_ticks_t::time_ticks_t [0x00007FF6BE1E21E4+571204]
Microsoft::Applications::Events::time_ticks_t::time_ticks_t [0x00007FF6BE1E233D+571549]
Microsoft::Applications::Events::time_ticks_t::time_ticks_t [0x00007FF6BE1EB46E+608718]
BaseThreadInitThunk [0x00007FF8F0537C24+20]
RtlUserThreadStart [0x00007FF8F0BCD4D1+33]

at org.openqa.selenium.remote.W3CHandshakeResponse.lambda$errorHandler$0(W3CHandshakeResponse.java:62)
at org.openqa.selenium.remote.HandshakeResponse.lambda$getResponseFunction$0(HandshakeResponse.java:30)
at org.openqa.selenium.remote.ProtocolHandshake.lambda$createSession$0(ProtocolHandshake.java:126)
at java.base/java.util.stream.ReferencePipeline$3$1.accept(ReferencePipeline.java:197)
at java.base/java.util.Spliterators$ArraySpliterator.tryAdvance(Spliterators.java:1002)
at java.base/java.util.stream.ReferencePipeline.forEachWithCancel(ReferencePipeline.java:129)
at java.base/java.util.stream.AbstractPipeline.copyIntoWithCancel(AbstractPipeline.java:527)
at java.base/java.util.stream.AbstractPipeline.copyInto(AbstractPipeline.java:513)
at java.base/java.util.stream.AbstractPipeline.wrapAndCopyInto(AbstractPipeline.java:499)
at java.base/java.util.stream.FindOps$FindOp.evaluateSequential(FindOps.java:150)
at java.base/java.util.stream.AbstractPipeline.evaluate(AbstractPipeline.java:234)
at java.base/java.util.stream.ReferencePipeline.findFirst(ReferencePipeline.java:647)
at org.openqa.selenium.remote.ProtocolHandshake.createSession(ProtocolHandshake.java:128)
at org.openqa.selenium.remote.ProtocolHandshake.createSession(ProtocolHandshake.java:74)
at org.openqa.selenium.remote.HttpCommandExecutor.execute(HttpCommandExecutor.java:136)
at org.openqa.selenium.remote.service.DriverCommandExecutor.execute(DriverCommandExecutor.java:83)
at org.openqa.selenium.remote.RemoteWebDriver.execute(RemoteWebDriver.java:552)
at org.openqa.selenium.remote.RemoteWebDriver.startSession(RemoteWebDriver.java:213)
at org.openqa.selenium.remote.RemoteWebDriver.<init>(RemoteWebDriver.java:131)
at org.openqa.selenium.edge.EdgeDriver.<init>(EdgeDriver.java:141)
at org.openqa.selenium.edge.EdgeDriver.<init>(EdgeDriver.java:96)
at com.Utility.BaseClass.setup(BaseClass.java:24)
at java.base/java.util.ArrayList.forEach(ArrayList.java:1511)
... Removed 36 stack frames]]>
    </failure>
  </testcase> <!-- @BeforeMethod setup -->
  <testcase classname="com.Utility.BaseClass" name="@AfterMethod tearDown" time="-1.649067229759E9">
    <skipped/>
  </testcase> <!-- @AfterMethod tearDown -->
  <testcase classname="com.Test.TC_001_verifyloginPage" name="VerifyFBLogin" time="0.0">
    <skipped/>
  </testcase> <!-- VerifyFBLogin -->
</testsuite> <!-- LoginTest -->
